2025-04-19 14:47:17 INFO  [o.h.validator.internal.util.Version] - HV000001: Hibernate Validator 8.0.2.Final
2025-04-19 14:47:17 INFO  [c.j.u.UserServiceApplication] - Starting UserServiceApplication using Java 23.0.1 with PID 8492 (C:\job-flow\user-service\target\classes started by user in C:\job-flow)
2025-04-19 14:47:17 DEBUG [c.j.u.UserServiceApplication] - Running with Spring Boot v3.4.4, Spring v6.2.5
2025-04-19 14:47:17 INFO  [c.j.u.UserServiceApplication] - No active profile set, falling back to 1 default profile: "default"
2025-04-19 14:47:18 INFO  [o.s.d.r.c.RepositoryConfigurationDelegate] - Bootstrapping Spring Data JPA repositories in DEFAULT mode.
2025-04-19 14:47:18 INFO  [o.s.d.r.c.RepositoryConfigurationDelegate] - Finished Spring Data repository scanning in 28 ms. Found 1 JPA repository interface.
2025-04-19 14:47:19 INFO  [o.s.b.w.e.tomcat.TomcatWebServer] - Tomcat initialized with port 8080 (http)
2025-04-19 14:47:19 INFO  [o.a.coyote.http11.Http11NioProtocol] - Initializing ProtocolHandler ["http-nio-8080"]
2025-04-19 14:47:19 INFO  [o.a.catalina.core.StandardService] - Starting service [Tomcat]
2025-04-19 14:47:19 INFO  [o.a.catalina.core.StandardEngine] - Starting Servlet engine: [Apache Tomcat/10.1.39]
2025-04-19 14:47:19 INFO  [o.a.c.c.C.[Tomcat].[localhost].[/]] - Initializing Spring embedded WebApplicationContext
2025-04-19 14:47:19 INFO  [o.s.b.w.s.c.ServletWebServerApplicationContext] - Root WebApplicationContext: initialization completed in 1237 ms
2025-04-19 14:47:19 INFO  [o.h.jpa.internal.util.LogHelper] - HHH000204: Processing PersistenceUnitInfo [name: default]
2025-04-19 14:47:19 INFO  [org.hibernate.Version] - HHH000412: Hibernate ORM core version 6.6.11.Final
2025-04-19 14:47:19 INFO  [o.h.c.i.RegionFactoryInitiator] - HHH000026: Second-level cache disabled
2025-04-19 14:47:19 INFO  [o.s.o.j.p.SpringPersistenceUnitInfo] - No LoadTimeWeaver setup: ignoring JPA class transformer
2025-04-19 14:47:19 INFO  [com.zaxxer.hikari.HikariDataSource] - HikariPool-1 - Starting...
2025-04-19 14:47:19 INFO  [com.zaxxer.hikari.pool.HikariPool] - HikariPool-1 - Added connection org.postgresql.jdbc.PgConnection@19fc0ef7
2025-04-19 14:47:19 INFO  [com.zaxxer.hikari.HikariDataSource] - HikariPool-1 - Start completed.
2025-04-19 14:47:19 INFO  [o.hibernate.orm.connections.pooling] - HHH10001005: Database info:
	Database JDBC URL [Connecting through datasource 'HikariDataSource (HikariPool-1)']
	Database driver: undefined/unknown
	Database version: 17.4
	Autocommit mode: undefined/unknown
	Isolation level: undefined/unknown
	Minimum pool size: undefined/unknown
	Maximum pool size: undefined/unknown
2025-04-19 14:47:20 INFO  [o.h.e.t.j.p.i.JtaPlatformInitiator] - HHH000489: No JTA platform available (set 'hibernate.transaction.jta.platform' to enable JTA platform integration)
2025-04-19 14:47:20 WARN  [o.h.e.jdbc.spi.SqlExceptionHelper] - SQL Warning Code: 0, SQLState: 00000
2025-04-19 14:47:20 WARN  [o.h.e.jdbc.spi.SqlExceptionHelper] - constraint "ukow0gan20590jrb00upg3va2fn" of relation "users" does not exist, skipping
2025-04-19 14:47:20 INFO  [o.s.o.j.LocalContainerEntityManagerFactoryBean] - Initialized JPA EntityManagerFactory for persistence unit 'default'
2025-04-19 14:47:20 DEBUG [c.j.u.jwt.JwtAuthenticationFilter] - Filter 'jwtAuthenticationFilter' configured for use
2025-04-19 14:47:20 INFO  [o.s.s.c.a.a.c.InitializeAuthenticationProviderBeanManagerConfigurer$InitializeAuthenticationProviderManagerConfigurer] - Global AuthenticationManager configured with AuthenticationProvider bean with name authenticationProvider
2025-04-19 14:47:20 WARN  [o.s.s.c.a.a.c.InitializeUserDetailsBeanManagerConfigurer$InitializeUserDetailsManagerConfigurer] - Global AuthenticationManager configured with an AuthenticationProvider bean. UserDetailsService beans will not be used by Spring Security for automatically configuring username/password login. Consider removing the AuthenticationProvider bean. Alternatively, consider using the UserDetailsService in a manually instantiated DaoAuthenticationProvider. If the current configuration is intentional, to turn off this warning, increase the logging level of 'org.springframework.security.config.annotation.authentication.configuration.InitializeUserDetailsBeanManagerConfigurer' to ERROR
2025-04-19 14:47:20 WARN  [o.s.b.a.o.j.JpaBaseConfiguration$JpaWebConfiguration] - spring.jpa.open-in-view is enabled by default. Therefore, database queries may be performed during view rendering. Explicitly configure spring.jpa.open-in-view to disable this warning
2025-04-19 14:47:20 INFO  [o.s.b.a.e.web.EndpointLinksResolver] - Exposing 1 endpoint beneath base path '/actuator'
2025-04-19 14:47:21 INFO  [o.a.coyote.http11.Http11NioProtocol] - Starting ProtocolHandler ["http-nio-8080"]
2025-04-19 14:47:21 INFO  [o.s.b.w.e.tomcat.TomcatWebServer] - Tomcat started on port 8080 (http) with context path '/'
2025-04-19 14:47:21 INFO  [c.j.u.UserServiceApplication] - Started UserServiceApplication in 3.795 seconds (process running for 4.363)
2025-04-19 14:47:21 INFO  [o.a.c.c.C.[Tomcat].[localhost].[/]] - Initializing Spring DispatcherServlet 'dispatcherServlet'
2025-04-19 14:47:21 INFO  [o.s.web.servlet.DispatcherServlet] - Initializing Servlet 'dispatcherServlet'
2025-04-19 14:47:21 INFO  [o.s.web.servlet.DispatcherServlet] - Completed initialization in 1 ms
2025-04-19 14:47:25 DEBUG [c.j.u.jwt.JwtAuthenticationFilter] - Starting JWT auth filter for request: /api/v1/auth
2025-04-19 14:47:25 DEBUG [c.j.u.jwt.JwtAuthenticationFilter] - No JWT token in Authorization header
2025-04-19 14:47:25 DEBUG [c.j.user_service.jwt.JwtServiceImpl] - Generating access token for user: ivanivanov3@gmail.com
2025-04-19 14:47:25 DEBUG [c.j.user_service.jwt.JwtServiceImpl] - Generating refresh token for user: ivanivanov3@gmail.com
2025-04-19 14:47:29 DEBUG [c.j.u.jwt.JwtAuthenticationFilter] - Starting JWT auth filter for request: /api/v1/auth
2025-04-19 14:47:29 DEBUG [c.j.u.jwt.JwtAuthenticationFilter] - No JWT token in Authorization header
2025-04-19 14:47:29 ERROR [c.j.u.handler.GlobalHandler] - [User Not Found Exception]: User with login: ivanivanov@gmail.com not found
2025-04-19 14:47:32 INFO  [o.s.b.w.e.tomcat.GracefulShutdown] - Commencing graceful shutdown. Waiting for active requests to complete
2025-04-19 14:47:32 INFO  [o.s.b.w.e.tomcat.GracefulShutdown] - Graceful shutdown complete
2025-04-19 14:47:32 INFO  [o.s.o.j.LocalContainerEntityManagerFactoryBean] - Closing JPA EntityManagerFactory for persistence unit 'default'
2025-04-19 14:47:32 INFO  [com.zaxxer.hikari.HikariDataSource] - HikariPool-1 - Shutdown initiated...
2025-04-19 14:47:32 INFO  [com.zaxxer.hikari.HikariDataSource] - HikariPool-1 - Shutdown completed.
2025-04-19 14:47:42 INFO  [o.h.validator.internal.util.Version] - HV000001: Hibernate Validator 8.0.2.Final
2025-04-19 14:47:42 INFO  [c.j.u.UserServiceApplication] - Starting UserServiceApplication using Java 23.0.1 with PID 14364 (C:\job-flow\user-service\target\classes started by user in C:\job-flow)
2025-04-19 14:47:42 DEBUG [c.j.u.UserServiceApplication] - Running with Spring Boot v3.4.4, Spring v6.2.5
2025-04-19 14:47:42 INFO  [c.j.u.UserServiceApplication] - No active profile set, falling back to 1 default profile: "default"
2025-04-19 14:47:43 INFO  [o.s.d.r.c.RepositoryConfigurationDelegate] - Bootstrapping Spring Data JPA repositories in DEFAULT mode.
2025-04-19 14:47:43 INFO  [o.s.d.r.c.RepositoryConfigurationDelegate] - Finished Spring Data repository scanning in 32 ms. Found 1 JPA repository interface.
2025-04-19 14:47:44 INFO  [o.s.b.w.e.tomcat.TomcatWebServer] - Tomcat initialized with port 8080 (http)
2025-04-19 14:47:44 INFO  [o.a.coyote.http11.Http11NioProtocol] - Initializing ProtocolHandler ["http-nio-8080"]
2025-04-19 14:47:44 INFO  [o.a.catalina.core.StandardService] - Starting service [Tomcat]
2025-04-19 14:47:44 INFO  [o.a.catalina.core.StandardEngine] - Starting Servlet engine: [Apache Tomcat/10.1.39]
2025-04-19 14:47:44 INFO  [o.a.c.c.C.[Tomcat].[localhost].[/]] - Initializing Spring embedded WebApplicationContext
2025-04-19 14:47:44 INFO  [o.s.b.w.s.c.ServletWebServerApplicationContext] - Root WebApplicationContext: initialization completed in 1328 ms
2025-04-19 14:47:44 INFO  [o.h.jpa.internal.util.LogHelper] - HHH000204: Processing PersistenceUnitInfo [name: default]
2025-04-19 14:47:44 INFO  [org.hibernate.Version] - HHH000412: Hibernate ORM core version 6.6.11.Final
2025-04-19 14:47:44 INFO  [o.h.c.i.RegionFactoryInitiator] - HHH000026: Second-level cache disabled
2025-04-19 14:47:44 INFO  [o.s.o.j.p.SpringPersistenceUnitInfo] - No LoadTimeWeaver setup: ignoring JPA class transformer
2025-04-19 14:47:44 INFO  [com.zaxxer.hikari.HikariDataSource] - HikariPool-1 - Starting...
2025-04-19 14:47:44 INFO  [com.zaxxer.hikari.pool.HikariPool] - HikariPool-1 - Added connection org.postgresql.jdbc.PgConnection@530df3ab
2025-04-19 14:47:44 INFO  [com.zaxxer.hikari.HikariDataSource] - HikariPool-1 - Start completed.
2025-04-19 14:47:44 INFO  [o.hibernate.orm.connections.pooling] - HHH10001005: Database info:
	Database JDBC URL [Connecting through datasource 'HikariDataSource (HikariPool-1)']
	Database driver: undefined/unknown
	Database version: 17.4
	Autocommit mode: undefined/unknown
	Isolation level: undefined/unknown
	Minimum pool size: undefined/unknown
	Maximum pool size: undefined/unknown
2025-04-19 14:47:45 INFO  [o.h.e.t.j.p.i.JtaPlatformInitiator] - HHH000489: No JTA platform available (set 'hibernate.transaction.jta.platform' to enable JTA platform integration)
2025-04-19 14:47:45 INFO  [o.s.o.j.LocalContainerEntityManagerFactoryBean] - Initialized JPA EntityManagerFactory for persistence unit 'default'
2025-04-19 14:47:45 DEBUG [c.j.u.jwt.JwtAuthenticationFilter] - Filter 'jwtAuthenticationFilter' configured for use
2025-04-19 14:47:45 INFO  [o.s.s.c.a.a.c.InitializeAuthenticationProviderBeanManagerConfigurer$InitializeAuthenticationProviderManagerConfigurer] - Global AuthenticationManager configured with AuthenticationProvider bean with name authenticationProvider
2025-04-19 14:47:45 WARN  [o.s.s.c.a.a.c.InitializeUserDetailsBeanManagerConfigurer$InitializeUserDetailsManagerConfigurer] - Global AuthenticationManager configured with an AuthenticationProvider bean. UserDetailsService beans will not be used by Spring Security for automatically configuring username/password login. Consider removing the AuthenticationProvider bean. Alternatively, consider using the UserDetailsService in a manually instantiated DaoAuthenticationProvider. If the current configuration is intentional, to turn off this warning, increase the logging level of 'org.springframework.security.config.annotation.authentication.configuration.InitializeUserDetailsBeanManagerConfigurer' to ERROR
2025-04-19 14:47:45 WARN  [o.s.b.a.o.j.JpaBaseConfiguration$JpaWebConfiguration] - spring.jpa.open-in-view is enabled by default. Therefore, database queries may be performed during view rendering. Explicitly configure spring.jpa.open-in-view to disable this warning
2025-04-19 14:47:46 INFO  [o.s.b.a.e.web.EndpointLinksResolver] - Exposing 1 endpoint beneath base path '/actuator'
2025-04-19 14:47:46 INFO  [o.a.coyote.http11.Http11NioProtocol] - Starting ProtocolHandler ["http-nio-8080"]
2025-04-19 14:47:46 INFO  [o.s.b.w.e.tomcat.TomcatWebServer] - Tomcat started on port 8080 (http) with context path '/'
2025-04-19 14:47:46 INFO  [c.j.u.UserServiceApplication] - Started UserServiceApplication in 4.083 seconds (process running for 5.002)
2025-04-19 14:47:47 INFO  [o.a.c.c.C.[Tomcat].[localhost].[/]] - Initializing Spring DispatcherServlet 'dispatcherServlet'
2025-04-19 14:47:47 INFO  [o.s.web.servlet.DispatcherServlet] - Initializing Servlet 'dispatcherServlet'
2025-04-19 14:47:47 INFO  [o.s.web.servlet.DispatcherServlet] - Completed initialization in 0 ms
2025-04-19 14:47:48 DEBUG [c.j.u.jwt.JwtAuthenticationFilter] - Starting JWT auth filter for request: /api/v1/auth
2025-04-19 14:48:02 DEBUG [c.j.u.jwt.JwtAuthenticationFilter] - No JWT token in Authorization header
2025-04-19 14:48:04 ERROR [c.j.u.handler.GlobalHandler] - [User Not Found Exception]: User with login: ivanivanov@gmail.com not found
2025-04-19 14:48:13 DEBUG [c.j.u.jwt.JwtAuthenticationFilter] - Starting JWT auth filter for request: /api/v1/auth
2025-04-19 14:48:16 DEBUG [c.j.u.jwt.JwtAuthenticationFilter] - No JWT token in Authorization header
2025-04-19 14:48:16 ERROR [c.j.u.handler.GlobalHandler] - [User Not Found Exception]: User with login: ivanivanov@gmail.com not found
2025-04-19 14:48:23 DEBUG [c.j.u.jwt.JwtAuthenticationFilter] - Starting JWT auth filter for request: /api/v1/auth
2025-04-19 14:48:26 DEBUG [c.j.u.jwt.JwtAuthenticationFilter] - No JWT token in Authorization header
2025-04-19 14:48:26 DEBUG [c.j.user_service.jwt.JwtServiceImpl] - Generating access token for user: ivanivanov1@gmail.com
2025-04-19 14:48:26 DEBUG [c.j.user_service.jwt.JwtServiceImpl] - Generating refresh token for user: ivanivanov1@gmail.com
2025-04-19 14:48:32 DEBUG [c.j.u.jwt.JwtAuthenticationFilter] - Starting JWT auth filter for request: /api/v1/test
2025-04-19 14:48:38 DEBUG [c.j.user_service.jwt.JwtServiceImpl] - Extracted claims from token. Subject: ivanivanov1@gmail.com
2025-04-19 14:48:52 DEBUG [c.j.u.jwt.JwtAuthenticationFilter] - Extracting user by login: ivanivanov1@gmail.com from token
2025-04-19 14:48:53 DEBUG [c.j.user_service.jwt.JwtServiceImpl] - Extracted claims from token. Subject: ivanivanov1@gmail.com
2025-04-19 14:48:53 DEBUG [c.j.user_service.jwt.JwtServiceImpl] - Validated token by user: ivanivanov1@gmail.com. matchesUser: true
2025-04-19 14:48:58 DEBUG [c.j.u.jwt.JwtAuthenticationFilter] - Authentication set for user: ivanivanov1@gmail.com
2025-04-19 14:49:04 ERROR [c.j.u.j.CustomAuthenticationEntryPoint] - [Authentication Error]: Full authentication is required to access this resource for request: /error by user: Anonymous
2025-04-19 14:49:06 DEBUG [c.j.u.jwt.JwtAuthenticationFilter] - Starting JWT auth filter for request: /api/v1/test
2025-04-19 14:49:08 DEBUG [c.j.user_service.jwt.JwtServiceImpl] - Extracted claims from token. Subject: ivanivanov1@gmail.com
2025-04-19 14:49:08 DEBUG [c.j.u.jwt.JwtAuthenticationFilter] - Extracting user by login: ivanivanov1@gmail.com from token
2025-04-19 14:49:08 DEBUG [c.j.user_service.jwt.JwtServiceImpl] - Extracted claims from token. Subject: ivanivanov1@gmail.com
2025-04-19 14:49:08 DEBUG [c.j.user_service.jwt.JwtServiceImpl] - Validated token by user: ivanivanov1@gmail.com. matchesUser: true
2025-04-19 14:49:08 DEBUG [c.j.u.jwt.JwtAuthenticationFilter] - Authentication set for user: ivanivanov1@gmail.com
2025-04-19 14:49:08 ERROR [c.j.u.j.CustomAuthenticationEntryPoint] - [Authentication Error]: Full authentication is required to access this resource for request: /error by user: Anonymous
2025-04-19 15:03:21 INFO  [o.s.b.w.e.tomcat.GracefulShutdown] - Commencing graceful shutdown. Waiting for active requests to complete
2025-04-19 15:03:21 INFO  [o.s.b.w.e.tomcat.GracefulShutdown] - Graceful shutdown complete
2025-04-19 15:03:21 INFO  [o.s.o.j.LocalContainerEntityManagerFactoryBean] - Closing JPA EntityManagerFactory for persistence unit 'default'
2025-04-19 15:03:21 INFO  [com.zaxxer.hikari.HikariDataSource] - HikariPool-1 - Shutdown initiated...
2025-04-19 15:03:21 INFO  [com.zaxxer.hikari.HikariDataSource] - HikariPool-1 - Shutdown completed.
